	#HD: Parsing log file "./Synth/sortdemo_hwt0/create_project.log":


	#HD: Parsing log file "./Synth/sortdemo_hwt0/design_1_slot_0_0_synth_design.rds":


	#HD: Parsing log file "./Synth/sortdemo_hwt0/temp.log":


	#HD: Parsing log file "./Synth/sortdemo_hwt0/temp.log":


	#HD: Parsing log file "./Synth/matrixmul_hwt0/create_project.log":


	#HD: Parsing log file "./Synth/matrixmul_hwt0/design_1_slot_0_0_synth_design.rds":


	#HD: Parsing log file "./Synth/matrixmul_hwt0/temp.log":


	#HD: Parsing log file "./Synth/matrixmul_hwt0/temp.log":


	#HD: Parsing log file "./Synth/sortdemo_hwt1/create_project.log":


	#HD: Parsing log file "./Synth/sortdemo_hwt1/design_1_slot_1_0_synth_design.rds":


	#HD: Parsing log file "./Synth/sortdemo_hwt1/temp.log":


	#HD: Parsing log file "./Synth/sortdemo_hwt1/temp.log":


	#HD: Parsing log file "./Synth/matrixmul_hwt1/create_project.log":


	#HD: Parsing log file "./Synth/matrixmul_hwt1/design_1_slot_1_0_synth_design.rds":


	#HD: Parsing log file "./Synth/matrixmul_hwt1/temp.log":


	#HD: Parsing log file "./Synth/matrixmul_hwt1/temp.log":


	#HD: Parsing log file "./Implement/config_sortdemo/create_project.log":


	#HD: Parsing log file "./Implement/config_sortdemo/design_1_wrapper_link_design.log":
	CRITICAL WARNING: [Project 1-486] Could not resolve non-primitive black box cell 'design_1_slot_0_0' instantiated as 'design_1_i/slot_0' [/home/christian/reconos/reconos/demos/reconf_sort_matrixmul/build.hw/myReconOS.srcs/sources_1/bd/design_1/hdl/design_1.vhd:4199]
	CRITICAL WARNING: [Project 1-486] Could not resolve non-primitive black box cell 'design_1_slot_1_0' instantiated as 'design_1_i/slot_1' [/home/christian/reconos/reconos/demos/reconf_sort_matrixmul/build.hw/myReconOS.srcs/sources_1/bd/design_1/hdl/design_1.vhd:4218]


	#HD: Parsing log file "./Implement/config_sortdemo/read_checkpoint_sortdemo_hwt0_slot_0.log":


	#HD: Parsing log file "./Implement/config_sortdemo/read_checkpoint_sortdemo_hwt1_slot_1.log":


	#HD: Parsing log file "./Implement/config_sortdemo/temp.log":


	#HD: Parsing log file "./Implement/config_sortdemo/reports/temp.log":


	#HD: Parsing log file "./Implement/config_sortdemo/reports/temp.log":


	#HD: Parsing log file "./Implement/config_sortdemo/design_1_wrapper_opt_design.log":


