Command: pr_verify -full_check -initial ./Implement/config_sortdemo/design_1_wrapper_route_design.dcp -additional ./Implement/config_matrixmul/design_1_wrapper_route_design.dcp
INFO: [Netlist 29-17] Analyzing 320 Unisim elements for replacement
INFO: [Netlist 29-28] Unisim Transformation completed in 0 CPU seconds
INFO: [Project 1-479] Netlist was created with Vivado 2016.2
INFO: [Project 1-570] Preparing netlist for logic optimization
Parsing XDC File [/home/christian/reconos/reconos/demos/reconf_sort_matrixmul/.Xil/Vivado-5176-Lienen02/dcp_2/design_1_wrapper.xdc]
Finished Parsing XDC File [/home/christian/reconos/reconos/demos/reconf_sort_matrixmul/.Xil/Vivado-5176-Lienen02/dcp_2/design_1_wrapper.xdc]
Reading XDEF placement.
Reading placer database...
Reading XDEF routing.
Read XDEF File: Time (s): cpu = 00:00:00.37 ; elapsed = 00:00:00.37 . Memory (MB): peak = 2285.719 ; gain = 0.000 ; free physical = 10355 ; free virtual = 12501
Restored from archive | CPU: 0.380000 secs | Memory: 9.738190 MB |
Finished XDEF File Restore: Time (s): cpu = 00:00:00.37 ; elapsed = 00:00:00.37 . Memory (MB): peak = 2285.719 ; gain = 0.000 ; free physical = 10355 ; free virtual = 12501
INFO: [Project 1-111] Unisim Transformation Summary:
  A total of 123 instances were transformed.
  RAM32M => RAM32M (RAMS32, RAMS32, RAMD32, RAMD32, RAMD32, RAMD32, RAMD32, RAMD32): 26 instances
  RAM32X1D => RAM32X1D (RAMD32, RAMD32): 1 instances
  RAM64M => RAM64M (RAMD64E, RAMD64E, RAMD64E, RAMD64E): 80 instances
  RAM64X1D => RAM64X1D (RAMD64E, RAMD64E): 16 instances

INFO: [Project 1-604] Checkpoint was created with Vivado v2016.2 (64-bit) build 1577090
INFO: [Vivado 12-3501] pr_verify ./Implement/config_sortdemo/design_1_wrapper_route_design.dcp ./Implement/config_matrixmul/design_1_wrapper_route_design.dcp
INFO: [Netlist 29-17] Analyzing 538 Unisim elements for replacement
INFO: [Netlist 29-28] Unisim Transformation completed in 0 CPU seconds
INFO: [Project 1-479] Netlist was created with Vivado 2016.2
INFO: [Project 1-570] Preparing netlist for logic optimization
Parsing XDC File [/home/christian/reconos/reconos/demos/reconf_sort_matrixmul/.Xil/Vivado-5176-Lienen02/dcp_2/design_1_wrapper.xdc]
Finished Parsing XDC File [/home/christian/reconos/reconos/demos/reconf_sort_matrixmul/.Xil/Vivado-5176-Lienen02/dcp_2/design_1_wrapper.xdc]
Reading XDEF placement.
Reading placer database...
Reading XDEF routing.
Read XDEF File: Time (s): cpu = 00:00:00.46 ; elapsed = 00:00:00.46 . Memory (MB): peak = 2285.719 ; gain = 0.000 ; free physical = 10347 ; free virtual = 12501
Restored from archive | CPU: 0.470000 secs | Memory: 12.763321 MB |
Finished XDEF File Restore: Time (s): cpu = 00:00:00.46 ; elapsed = 00:00:00.46 . Memory (MB): peak = 2285.719 ; gain = 0.000 ; free physical = 10347 ; free virtual = 12501
INFO: [Project 1-111] Unisim Transformation Summary:
  A total of 123 instances were transformed.
  RAM32M => RAM32M (RAMS32, RAMS32, RAMD32, RAMD32, RAMD32, RAMD32, RAMD32, RAMD32): 26 instances
  RAM32X1D => RAM32X1D (RAMD32, RAMD32): 1 instances
  RAM64M => RAM64M (RAMD64E, RAMD64E, RAMD64E, RAMD64E): 80 instances
  RAM64X1D => RAM64X1D (RAMD64E, RAMD64E): 16 instances

INFO: [Project 1-604] Checkpoint was created with Vivado v2016.2 (64-bit) build 1577090
INFO: [Constraints 18-1020] PR Verify Summary:
DCP1: ./Implement/config_sortdemo/design_1_wrapper_route_design.dcp
  Number of reconfigurable modules compared = 2
  Number of partition pins compared         = 278
  Number of static tiles compared           = 4896
  Number of static sites compared           = 1450
  Number of static cells compared           = 7870
  Number of static routed nodes compared    = 99334
  Number of static routed pips compared     = 92218

DCP2: ./Implement/config_matrixmul/design_1_wrapper_route_design.dcp
  Number of reconfigurable modules compared = 2
  Number of partition pins compared         = 278
  Number of static tiles compared           = 4896
  Number of static sites compared           = 1450
  Number of static cells compared           = 7870
  Number of static routed nodes compared    = 99334
  Number of static routed pips compared     = 92218
INFO: [Vivado 12-3253] PR_VERIFY: check points ./Implement/config_sortdemo/design_1_wrapper_route_design.dcp and ./Implement/config_matrixmul/design_1_wrapper_route_design.dcp are compatible
pr_verify: Time (s): cpu = 00:00:06 ; elapsed = 00:00:06 . Memory (MB): peak = 2285.719 ; gain = 0.000 ; free physical = 10383 ; free virtual = 12499
