puts "#HD: Running implementation config_sortdemo"
puts "	#HD: Setting Tcl Params:"
set_param hd.visual 1
create_project -in_memory -part xc7z020clg484-1
add_files ./build.hw/myReconOS.runs/synth_1/design_1_wrapper.dcp
add_files ./build.hw/myReconOS.srcs/constrs_1/new/design_1_pblocks.xdc
set_property USED_IN {implementation} [get_files ./build.hw/myReconOS.srcs/constrs_1/new/design_1_pblocks.xdc]
link_design -mode default -part xc7z020clg484-1 -top design_1_wrapper
set_property HD.RECONFIGURABLE 1 [get_cells design_1_i/slot_0]
read_checkpoint -cell design_1_i/slot_0 ./Synth/sortdemo_hwt0/design_1_slot_0_0_synth.dcp -strict
set_property HD.RECONFIGURABLE 1 [get_cells design_1_i/slot_1]
read_checkpoint -cell design_1_i/slot_1 ./Synth/sortdemo_hwt1/design_1_slot_1_0_synth.dcp -strict
write_checkpoint -force ./Implement/config_sortdemo/design_1_wrapper_link_design.dcp
report_drc -ruledeck methodology_checks -name design_1_wrapper -file ./Implement/config_sortdemo/reports/design_1_wrapper_drc_methodology_checks.rpt
report_drc -ruledeck timing_checks -name design_1_wrapper -file ./Implement/config_sortdemo/reports/design_1_wrapper_drc_timing_checks.rpt
opt_design
puts "	#HD: Completed: opt_design"
write_checkpoint -force ./Implement/config_sortdemo/design_1_wrapper_opt_design.dcp
place_design
puts "	#HD: Completed: place_design"
write_checkpoint -force ./Implement/config_sortdemo/design_1_wrapper_place_design.dcp
phys_opt_design
puts "	#HD: Completed: phys_opt_design"
write_checkpoint -force ./Implement/config_sortdemo/design_1_wrapper_phys_opt_design.dcp
route_design
puts "	#HD: Completed: route_design"
write_checkpoint -force ./Implement/config_sortdemo/design_1_wrapper_route_design.dcp
report_utilization -file ./Implement/config_sortdemo/reports/design_1_wrapper_utilization_route_design.rpt
report_route_status -file ./Implement/config_sortdemo/reports/design_1_wrapper_route_status.rpt
report_timing_summary -file ./Implement/config_sortdemo/reports/design_1_wrapper_timing_summary.rpt
report_drc -ruledeck bitstream_checks -name design_1_wrapper -file ./Implement/config_sortdemo/reports/design_1_wrapper_drc_bitstream_checks.rpt
debug::report_design_status
file mkdir ./Checkpoint
write_checkpoint -force -cell design_1_i/slot_0 ./Implement/config_sortdemo/sortdemo_hwt0_pblock_slot_0_route_design.dcp
file copy -force ./Implement/config_sortdemo/sortdemo_hwt0_pblock_slot_0_route_design.dcp ./Checkpoint
update_design -cell design_1_i/slot_0 -black_box
write_checkpoint -force -cell design_1_i/slot_1 ./Implement/config_sortdemo/sortdemo_hwt1_pblock_slot_1_route_design.dcp
file copy -force ./Implement/config_sortdemo/sortdemo_hwt1_pblock_slot_1_route_design.dcp ./Checkpoint
update_design -cell design_1_i/slot_1 -black_box
lock_design -level routing
write_checkpoint -force ./Implement/config_sortdemo/design_1_wrapper_static.dcp
file copy -force ./Implement/config_sortdemo/design_1_wrapper_static.dcp ./Checkpoint
close_project
puts "#HD: Implementation config_sortdemo complete\n"
