Command: route_design
Attempting to get a license for feature 'Implementation' and/or device 'xc7z020'
INFO: [Common 17-349] Got license for feature 'Implementation' and/or device 'xc7z020'
Running DRC as a precondition to command route_design
INFO: [DRC 23-27] Running DRC with 8 threads
INFO: [Vivado_Tcl 4-198] DRC finished with 0 Errors
INFO: [Vivado_Tcl 4-199] Please refer to the DRC report (report_drc) for more information.


Starting Routing Task
INFO: [Route 35-254] Multithreading enabled for route_design using a maximum of 8 CPUs
Checksum: PlaceDB: 7117ab9e ConstDB: 0 ShapeSum: e85caa4b RouteDB: 0

Phase 1 Build RT Design
Phase 1 Build RT Design | Checksum: 143f72ae9

Time (s): cpu = 00:00:13 ; elapsed = 00:00:10 . Memory (MB): peak = 2128.516 ; gain = 31.641 ; free physical = 10544 ; free virtual = 12617

Phase 2 Router Initialization
INFO: [Route 35-64] No timing constraints were detected. The router will operate in resource-optimization mode.

Phase 2.1 Fix Topology Constraints
Phase 2.1 Fix Topology Constraints | Checksum: 143f72ae9

Time (s): cpu = 00:00:13 ; elapsed = 00:00:10 . Memory (MB): peak = 2142.613 ; gain = 45.738 ; free physical = 10505 ; free virtual = 12580

Phase 2.2 Pre Route Cleanup
Phase 2.2 Pre Route Cleanup | Checksum: 143f72ae9

Time (s): cpu = 00:00:13 ; elapsed = 00:00:10 . Memory (MB): peak = 2142.613 ; gain = 45.738 ; free physical = 10505 ; free virtual = 12580
 Number of Nodes with overlaps = 0
Phase 2 Router Initialization | Checksum: 1c7666689

Time (s): cpu = 00:00:14 ; elapsed = 00:00:11 . Memory (MB): peak = 2163.668 ; gain = 66.793 ; free physical = 10483 ; free virtual = 12558

Phase 3 Initial Routing
Phase 3 Initial Routing | Checksum: 1a03a0211

Time (s): cpu = 00:00:16 ; elapsed = 00:00:11 . Memory (MB): peak = 2163.668 ; gain = 66.793 ; free physical = 10483 ; free virtual = 12558

Phase 4 Rip-up And Reroute

Phase 4.1 Global Iteration 0
 Number of Nodes with overlaps = 616
 Number of Nodes with overlaps = 0
Phase 4.1 Global Iteration 0 | Checksum: ec5842e9

Time (s): cpu = 00:00:20 ; elapsed = 00:00:12 . Memory (MB): peak = 2163.668 ; gain = 66.793 ; free physical = 10483 ; free virtual = 12558
Phase 4 Rip-up And Reroute | Checksum: ec5842e9

Time (s): cpu = 00:00:20 ; elapsed = 00:00:12 . Memory (MB): peak = 2163.668 ; gain = 66.793 ; free physical = 10483 ; free virtual = 12558

Phase 5 Delay and Skew Optimization
Phase 5 Delay and Skew Optimization | Checksum: ec5842e9

Time (s): cpu = 00:00:20 ; elapsed = 00:00:12 . Memory (MB): peak = 2163.668 ; gain = 66.793 ; free physical = 10483 ; free virtual = 12558

Phase 6 Post Hold Fix

Phase 6.1 Hold Fix Iter
Phase 6.1 Hold Fix Iter | Checksum: ec5842e9

Time (s): cpu = 00:00:20 ; elapsed = 00:00:12 . Memory (MB): peak = 2163.668 ; gain = 66.793 ; free physical = 10483 ; free virtual = 12558
Phase 6 Post Hold Fix | Checksum: ec5842e9

Time (s): cpu = 00:00:20 ; elapsed = 00:00:12 . Memory (MB): peak = 2163.668 ; gain = 66.793 ; free physical = 10483 ; free virtual = 12558

Phase 7 Route finalize

Router Utilization Summary
  Global Vertical Routing Utilization    = 1.83437 %
  Global Horizontal Routing Utilization  = 2.05984 %
  Routable Net Status*
  *Does not include unroutable nets such as driverless and loadless.
  Run report_route_status for detailed report.
  Number of Failed Nets               = 0
  Number of Unrouted Nets             = 0
  Number of Partially Routed Nets     = 0
  Number of Node Overlaps             = 0

Congestion Report
North Dir 1x1 Area, Max Cong = 57.6577%, No Congested Regions.
South Dir 1x1 Area, Max Cong = 63.0631%, No Congested Regions.
East Dir 1x1 Area, Max Cong = 58.8235%, No Congested Regions.
West Dir 1x1 Area, Max Cong = 75%, No Congested Regions.
Phase 7 Route finalize | Checksum: ec5842e9

Time (s): cpu = 00:00:20 ; elapsed = 00:00:12 . Memory (MB): peak = 2163.668 ; gain = 66.793 ; free physical = 10483 ; free virtual = 12558

Phase 8 Verifying routed nets

 Verification completed successfully
Phase 8 Verifying routed nets | Checksum: ec5842e9

Time (s): cpu = 00:00:20 ; elapsed = 00:00:12 . Memory (MB): peak = 2163.668 ; gain = 66.793 ; free physical = 10483 ; free virtual = 12558

Phase 9 Depositing Routes
Phase 9 Depositing Routes | Checksum: 1654d1ef4

Time (s): cpu = 00:00:21 ; elapsed = 00:00:12 . Memory (MB): peak = 2163.668 ; gain = 66.793 ; free physical = 10483 ; free virtual = 12558
INFO: [Route 35-16] Router Completed Successfully

Time (s): cpu = 00:00:22 ; elapsed = 00:00:13 . Memory (MB): peak = 2163.668 ; gain = 66.793 ; free physical = 10483 ; free virtual = 12558

Routing Is Done.
INFO: [Common 17-83] Releasing license: Implementation
874 Infos, 330 Warnings, 6 Critical Warnings and 0 Errors encountered.
route_design completed successfully
route_design: Time (s): cpu = 00:00:23 ; elapsed = 00:00:14 . Memory (MB): peak = 2163.668 ; gain = 66.793 ; free physical = 10483 ; free virtual = 12558
