puts "#HD: Running implementation config_matrixmul"
puts "	#HD: Setting Tcl Params:"
set_param hd.visual 1
create_project -in_memory -part xc7z020clg484-1
add_files ./Checkpoint/design_1_wrapper_static.dcp
link_design -mode default -part xc7z020clg484-1 -top design_1_wrapper
read_checkpoint -cell design_1_i/slot_0 ./Synth/matrixmul_hwt0/design_1_slot_0_0_synth.dcp -strict
read_checkpoint -cell design_1_i/slot_1 ./Synth/matrixmul_hwt1/design_1_slot_1_0_synth.dcp -strict
write_checkpoint -force ./Implement/config_matrixmul/design_1_wrapper_link_design.dcp
report_drc -ruledeck methodology_checks -name design_1_wrapper -file ./Implement/config_matrixmul/reports/design_1_wrapper_drc_methodology_checks.rpt
report_drc -ruledeck timing_checks -name design_1_wrapper -file ./Implement/config_matrixmul/reports/design_1_wrapper_drc_timing_checks.rpt
opt_design
puts "	#HD: Completed: opt_design"
write_checkpoint -force ./Implement/config_matrixmul/design_1_wrapper_opt_design.dcp
place_design
puts "	#HD: Completed: place_design"
write_checkpoint -force ./Implement/config_matrixmul/design_1_wrapper_place_design.dcp
phys_opt_design
puts "	#HD: Completed: phys_opt_design"
write_checkpoint -force ./Implement/config_matrixmul/design_1_wrapper_phys_opt_design.dcp
route_design
puts "	#HD: Completed: route_design"
write_checkpoint -force ./Implement/config_matrixmul/design_1_wrapper_route_design.dcp
report_utilization -file ./Implement/config_matrixmul/reports/design_1_wrapper_utilization_route_design.rpt
report_route_status -file ./Implement/config_matrixmul/reports/design_1_wrapper_route_status.rpt
report_timing_summary -file ./Implement/config_matrixmul/reports/design_1_wrapper_timing_summary.rpt
report_drc -ruledeck bitstream_checks -name design_1_wrapper -file ./Implement/config_matrixmul/reports/design_1_wrapper_drc_bitstream_checks.rpt
debug::report_design_status
write_checkpoint -force -cell design_1_i/slot_0 ./Implement/config_matrixmul/matrixmul_hwt0_pblock_slot_0_route_design.dcp
file copy -force ./Implement/config_matrixmul/matrixmul_hwt0_pblock_slot_0_route_design.dcp ./Checkpoint
write_checkpoint -force -cell design_1_i/slot_1 ./Implement/config_matrixmul/matrixmul_hwt1_pblock_slot_1_route_design.dcp
file copy -force ./Implement/config_matrixmul/matrixmul_hwt1_pblock_slot_1_route_design.dcp ./Checkpoint
close_project
puts "#HD: Implementation config_matrixmul complete\n"
