Command: route_design
Attempting to get a license for feature 'Implementation' and/or device 'xc7z020'
INFO: [Common 17-349] Got license for feature 'Implementation' and/or device 'xc7z020'
Running DRC as a precondition to command route_design
INFO: [DRC 23-27] Running DRC with 8 threads
INFO: [Vivado_Tcl 4-198] DRC finished with 0 Errors
INFO: [Vivado_Tcl 4-199] Please refer to the DRC report (report_drc) for more information.


Starting Routing Task
INFO: [Route 35-254] Multithreading enabled for route_design using a maximum of 8 CPUs
Checksum: PlaceDB: f989c939 ConstDB: 0 ShapeSum: 4d39ec96 RouteDB: d4ac7ef4

Phase 1 Build RT Design
Phase 1 Build RT Design | Checksum: d8a68028

Time (s): cpu = 00:00:14 ; elapsed = 00:00:10 . Memory (MB): peak = 2285.719 ; gain = 0.000 ; free physical = 10412 ; free virtual = 12519

Phase 2 Router Initialization
INFO: [Route 35-64] No timing constraints were detected. The router will operate in resource-optimization mode.

Phase 2.1 Fix Topology Constraints
Phase 2.1 Fix Topology Constraints | Checksum: 18d0d7776

Time (s): cpu = 00:00:14 ; elapsed = 00:00:11 . Memory (MB): peak = 2285.719 ; gain = 0.000 ; free physical = 10408 ; free virtual = 12516

Phase 2.2 Pre Route Cleanup
Phase 2.2 Pre Route Cleanup | Checksum: 18d0d7776

Time (s): cpu = 00:00:14 ; elapsed = 00:00:11 . Memory (MB): peak = 2285.719 ; gain = 0.000 ; free physical = 10408 ; free virtual = 12516
 Number of Nodes with overlaps = 0
Phase 2 Router Initialization | Checksum: 1dfdd905c

Time (s): cpu = 00:00:14 ; elapsed = 00:00:11 . Memory (MB): peak = 2285.719 ; gain = 0.000 ; free physical = 10405 ; free virtual = 12512

Phase 3 Initial Routing
Phase 3 Initial Routing | Checksum: 22c8ca24e

Time (s): cpu = 00:00:17 ; elapsed = 00:00:11 . Memory (MB): peak = 2285.719 ; gain = 0.000 ; free physical = 10399 ; free virtual = 12506

Phase 4 Rip-up And Reroute

Phase 4.1 Global Iteration 0
 Number of Nodes with overlaps = 235
 Number of Nodes with overlaps = 2
 Number of Nodes with overlaps = 0
Phase 4.1 Global Iteration 0 | Checksum: 215e978e4

Time (s): cpu = 00:00:21 ; elapsed = 00:00:12 . Memory (MB): peak = 2285.719 ; gain = 0.000 ; free physical = 10399 ; free virtual = 12506
Phase 4 Rip-up And Reroute | Checksum: 215e978e4

Time (s): cpu = 00:00:21 ; elapsed = 00:00:12 . Memory (MB): peak = 2285.719 ; gain = 0.000 ; free physical = 10399 ; free virtual = 12506

Phase 5 Delay and Skew Optimization
Phase 5 Delay and Skew Optimization | Checksum: 215e978e4

Time (s): cpu = 00:00:21 ; elapsed = 00:00:12 . Memory (MB): peak = 2285.719 ; gain = 0.000 ; free physical = 10399 ; free virtual = 12506

Phase 6 Post Hold Fix

Phase 6.1 Hold Fix Iter
Phase 6.1 Hold Fix Iter | Checksum: 215e978e4

Time (s): cpu = 00:00:21 ; elapsed = 00:00:12 . Memory (MB): peak = 2285.719 ; gain = 0.000 ; free physical = 10399 ; free virtual = 12506
Phase 6 Post Hold Fix | Checksum: 215e978e4

Time (s): cpu = 00:00:21 ; elapsed = 00:00:12 . Memory (MB): peak = 2285.719 ; gain = 0.000 ; free physical = 10399 ; free virtual = 12506

Phase 7 Route finalize

Router Utilization Summary
  Global Vertical Routing Utilization    = 0.813814 %
  Global Horizontal Routing Utilization  = 0.984787 %
  Routable Net Status*
  *Does not include unroutable nets such as driverless and loadless.
  Run report_route_status for detailed report.
  Number of Failed Nets               = 0
  Number of Unrouted Nets             = 0
  Number of Partially Routed Nets     = 0
  Number of Node Overlaps             = 0

Congestion Report
North Dir 1x1 Area, Max Cong = 57.6577%, No Congested Regions.
South Dir 1x1 Area, Max Cong = 63.0769%, No Congested Regions.
East Dir 1x1 Area, Max Cong = 58.8235%, No Congested Regions.
West Dir 1x1 Area, Max Cong = 70%, No Congested Regions.
Phase 7 Route finalize | Checksum: 215e978e4

Time (s): cpu = 00:00:21 ; elapsed = 00:00:12 . Memory (MB): peak = 2285.719 ; gain = 0.000 ; free physical = 10399 ; free virtual = 12506

Phase 8 Verifying routed nets

 Verification completed successfully
Phase 8 Verifying routed nets | Checksum: 215e978e4

Time (s): cpu = 00:00:21 ; elapsed = 00:00:12 . Memory (MB): peak = 2285.719 ; gain = 0.000 ; free physical = 10399 ; free virtual = 12506

Phase 9 Depositing Routes
Phase 9 Depositing Routes | Checksum: 220b58fb7

Time (s): cpu = 00:00:21 ; elapsed = 00:00:12 . Memory (MB): peak = 2285.719 ; gain = 0.000 ; free physical = 10399 ; free virtual = 12506
INFO: [Route 35-16] Router Completed Successfully

Time (s): cpu = 00:00:23 ; elapsed = 00:00:14 . Memory (MB): peak = 2285.719 ; gain = 0.000 ; free physical = 10399 ; free virtual = 12506

Routing Is Done.
INFO: [Common 17-83] Releasing license: Implementation
971 Infos, 435 Warnings, 12 Critical Warnings and 0 Errors encountered.
route_design completed successfully
route_design: Time (s): cpu = 00:00:25 ; elapsed = 00:00:15 . Memory (MB): peak = 2285.719 ; gain = 0.000 ; free physical = 10399 ; free virtual = 12506
