Design is defaulting to srcset: sources_1
Design is defaulting to constrset: constrs_1
INFO: [Netlist 29-17] Analyzing 248 Unisim elements for replacement
INFO: [Netlist 29-28] Unisim Transformation completed in 0 CPU seconds
INFO: [Project 1-479] Netlist was created with Vivado 2016.2
INFO: [Project 1-570] Preparing netlist for logic optimization
Parsing XDC File [/home/christian/reconos/reconos/demos/reconf_sort_matrixmul/.Xil/Vivado-5176-Lienen02/dcp/design_1_wrapper.xdc]
Finished Parsing XDC File [/home/christian/reconos/reconos/demos/reconf_sort_matrixmul/.Xil/Vivado-5176-Lienen02/dcp/design_1_wrapper.xdc]
Reading XDEF placement.
Reading placer database...
Reading XDEF routing.
Read XDEF File: Time (s): cpu = 00:00:00.32 ; elapsed = 00:00:00.32 . Memory (MB): peak = 2229.691 ; gain = 0.000 ; free physical = 10445 ; free virtual = 12547
Restored from archive | CPU: 0.320000 secs | Memory: 7.768082 MB |
Finished XDEF File Restore: Time (s): cpu = 00:00:00.32 ; elapsed = 00:00:00.32 . Memory (MB): peak = 2229.691 ; gain = 0.000 ; free physical = 10445 ; free virtual = 12547
INFO: [Opt 31-138] Pushed 0 inverter(s) to 0 load pin(s).
CRITICAL WARNING: [Project 1-486] Could not resolve non-primitive black box cell 'design_1_slot_0_0_bb' instantiated as 'design_1_i/slot_0' [/home/christian/reconos/reconos/demos/reconf_sort_matrixmul/build.hw/myReconOS.srcs/sources_1/bd/design_1/hdl/design_1.vhd:4199]
CRITICAL WARNING: [Project 1-486] Could not resolve non-primitive black box cell 'design_1_slot_1_0_bb' instantiated as 'design_1_i/slot_1' [/home/christian/reconos/reconos/demos/reconf_sort_matrixmul/build.hw/myReconOS.srcs/sources_1/bd/design_1/hdl/design_1.vhd:4218]
INFO: [Project 1-111] Unisim Transformation Summary:
  A total of 123 instances were transformed.
  RAM32M => RAM32M (RAMD32, RAMD32, RAMD32, RAMD32, RAMD32, RAMD32, RAMS32, RAMS32): 26 instances
  RAM32X1D => RAM32X1D (RAMD32, RAMD32): 1 instances
  RAM64M => RAM64M (RAMD64E, RAMD64E, RAMD64E, RAMD64E): 80 instances
  RAM64X1D => RAM64X1D (RAMD64E, RAMD64E): 16 instances

